<?xml version="1.0" encoding="UTF-8"?>
<testsuite name="poc.reflexion.TestReflexion" tests="5" skipped="0" failures="0" errors="0" timestamp="2015-10-26T15:22:08" hostname="L052686" time="15.89">
  <properties/>
  <testcase name="performanceSansReflexionTest" classname="poc.reflexion.TestReflexion" time="2.3"/>
  <testcase name="traduireSansReflexionTest" classname="poc.reflexion.TestReflexion" time="0.0"/>
  <testcase name="performanceAvecReflexionTest" classname="poc.reflexion.TestReflexion" time="9.654"/>
  <testcase name="performanceAvecReflexionOptimiseTest" classname="poc.reflexion.TestReflexion" time="3.934"/>
  <testcase name="traduireAvecReflexionTest" classname="poc.reflexion.TestReflexion" time="0.0"/>
  <system-out><![CDATA[]]></system-out>
  <system-err><![CDATA[2281 [Test worker] INFO poc.reflexion.TestReflexion - performanceSansReflexionTest - Pour 10000000essais, la durÃ©e est de : 2255 ms
11947 [Test worker] INFO poc.reflexion.TestReflexion - performanceAvecReflexionTest - Pour 10000000essais, la durÃ©e est de : 9653 ms
15881 [Test worker] INFO poc.reflexion.TestReflexion - performanceAvecReflexionOptimiseTest - Pour 10000000essais, la durÃ©e est de : 3933 ms
]]></system-err>
</testsuite>
